android/app/build/intermediates/manifest_merge_blame_file/debug/processDebugMainManifest/manifest-merger-blame-debug-report.txt
1<?xml version="1.0" encoding="utf-8"?>
2<manifest xmlns:android="http://schemas.android.com/apk/res/android"
3    package="com.example.square_up"
4    android:versionCode="1"
5    android:versionName="1.0.0" >
6
7    <uses-sdk
8        android:minSdkVersion="23"
9        android:targetSdkVersion="35" />
10    <!--
11         The INTERNET permission is required for development. Specifically,
12         the Flutter tool needs it to communicate with the running application
13         to allow setting breakpoints, to provide hot reload, etc.
14    -->
15    <uses-permission android:name="android.permission.INTERNET" />
15-->src\main\AndroidManifest.xml:3:5-66
15-->src\main\AndroidManifest.xml:3:22-64
16    <!-- Add these features declarations to match permissions -->
17    <uses-feature
17-->src\main\AndroidManifest.xml:5:5-85
18        android:name="android.hardware.camera"
18-->src\main\AndroidManifest.xml:5:19-57
19        android:required="false" />
19-->src\main\AndroidManifest.xml:5:58-82
20    <uses-feature
20-->src\main\AndroidManifest.xml:6:5-95
21        android:name="android.hardware.camera.autofocus"
21-->src\main\AndroidManifest.xml:6:19-67
22        android:required="false" />
22-->src\main\AndroidManifest.xml:6:68-92
23    <uses-feature
23-->src\main\AndroidManifest.xml:7:5-89
24        android:name="android.hardware.microphone"
24-->src\main\AndroidManifest.xml:7:19-61
25        android:required="false" />
25-->src\main\AndroidManifest.xml:7:62-86
26    <uses-feature
26-->src\main\AndroidManifest.xml:8:5-88
27        android:name="android.hardware.audio.pro"
27-->src\main\AndroidManifest.xml:8:19-60
28        android:required="false" />
28-->src\main\AndroidManifest.xml:8:61-85
29    <uses-feature
29-->src\main\AndroidManifest.xml:9:5-94
30        android:name="android.hardware.screen.portrait"
30-->src\main\AndroidManifest.xml:9:19-66
31        android:required="false" /> <!-- Camera -->
31-->src\main\AndroidManifest.xml:9:67-91
32    <uses-permission android:name="android.permission.CAMERA" /> <!-- Gallery/Storage (for Android 10+) -->
32-->src\main\AndroidManifest.xml:43:5-64
32-->src\main\AndroidManifest.xml:43:22-62
33    <uses-permission android:name="android.permission.READ_MEDIA_IMAGES" /> <!-- Microphone -->
33-->src\main\AndroidManifest.xml:45:5-75
33-->src\main\AndroidManifest.xml:45:22-73
34    <uses-permission android:name="android.permission.RECORD_AUDIO" /> <!-- For Android 11+ -->
34-->src\main\AndroidManifest.xml:47:5-70
34-->src\main\AndroidManifest.xml:47:22-68
35    <queries>
35-->src\main\AndroidManifest.xml:50:5-55:15
36        <intent>
36-->src\main\AndroidManifest.xml:51:9-54:18
37            <action android:name="android.intent.action.PICK" />
37-->src\main\AndroidManifest.xml:52:13-64
37-->src\main\AndroidManifest.xml:52:21-62
38
39            <data android:mimeType="image/*" />
39-->src\main\AndroidManifest.xml:53:13-47
39-->src\main\AndroidManifest.xml:53:19-45
40        </intent>
41    </queries>
42    <!--
43 Required to query activities that can process text, see:
44         https://developer.android.com/training/package-visibility and
45         https://developer.android.com/reference/android/content/Intent#ACTION_PROCESS_TEXT.
46
47         In particular, this is used by the Flutter engine in io.flutter.plugin.text.ProcessTextPlugin.
48    -->
49    <queries>
49-->src\main\AndroidManifest.xml:50:5-55:15
50        <intent>
51            <action android:name="android.intent.action.PROCESS_TEXT" />
52
53            <data android:mimeType="text/plain" />
53-->src\main\AndroidManifest.xml:53:13-47
53-->src\main\AndroidManifest.xml:53:19-45
54        </intent>
55    </queries>
56
57    <uses-permission android:name="android.permission.WRITE_EXTERNAL_STORAGE" />
57-->[:video_compress] AndroidManifest.xml:7:5-81
57-->[:video_compress] AndroidManifest.xml:7:22-78
58    <uses-permission android:name="android.permission.READ_EXTERNAL_STORAGE" />
59    <uses-permission android:name="android.permission.ACCESS_NETWORK_STATE" />
59-->[com.google.firebase:firebase-auth:23.2.0] AndroidManifest.xml:26:5-79
59-->[com.google.firebase:firebase-auth:23.2.0] AndroidManifest.xml:26:22-76
60    <uses-permission android:name="com.google.android.providers.gsf.permission.READ_GSERVICES" />
60-->[com.google.android.recaptcha:recaptcha:18.6.1] AndroidManifest.xml:9:5-98
60-->[com.google.android.recaptcha:recaptcha:18.6.1] AndroidManifest.xml:9:22-95
61
62    <permission
62-->[androidx.core:core:1.13.1] AndroidManifest.xml:22:5-24:47
63        android:name="com.example.square_up.DYNAMIC_RECEIVER_NOT_EXPORTED_PERMISSION"
63-->[androidx.core:core:1.13.1] AndroidManifest.xml:23:9-81
64        android:protectionLevel="signature" />
64-->[androidx.core:core:1.13.1] AndroidManifest.xml:24:9-44
65
66    <uses-permission android:name="com.example.square_up.DYNAMIC_RECEIVER_NOT_EXPORTED_PERMISSION" />
66-->[androidx.core:core:1.13.1] AndroidManifest.xml:26:5-97
66-->[androidx.core:core:1.13.1] AndroidManifest.xml:26:22-94
67
68    <application
68-->src\main\AndroidManifest.xml:10:5-41:19
69        android:appComponentFactory="androidx.core.app.CoreComponentFactory"
69-->[androidx.core:core:1.13.1] AndroidManifest.xml:28:18-86
70        android:debuggable="true"
71        android:extractNativeLibs="false"
72        android:icon="@mipmap/ic_launcher"
72-->src\main\AndroidManifest.xml:12:9-43
73        android:label="square_up" >
73-->src\main\AndroidManifest.xml:11:9-34
74        <activity
74-->src\main\AndroidManifest.xml:14:9-35:20
75            android:name="com.example.square_up.MainActivity"
75-->src\main\AndroidManifest.xml:15:13-41
76            android:configChanges="orientation|keyboardHidden|keyboard|screenSize|smallestScreenSize|locale|layoutDirection|fontScale|screenLayout|density|uiMode"
76-->src\main\AndroidManifest.xml:20:13-163
77            android:exported="true"
77-->src\main\AndroidManifest.xml:16:13-36
78            android:hardwareAccelerated="true"
78-->src\main\AndroidManifest.xml:21:13-47
79            android:launchMode="singleTop"
79-->src\main\AndroidManifest.xml:17:13-43
80            android:taskAffinity=""
80-->src\main\AndroidManifest.xml:18:13-36
81            android:theme="@style/LaunchTheme"
81-->src\main\AndroidManifest.xml:19:13-47
82            android:windowSoftInputMode="adjustResize" >
82-->src\main\AndroidManifest.xml:22:13-55
83
84            <!--
85                 Specifies an Android theme to apply to this Activity as soon as
86                 the Android process has started. This theme is visible to the user
87                 while the Flutter UI initializes. After that, this theme continues
88                 to determine the Window background behind the Flutter UI.
89            -->
90            <meta-data
90-->src\main\AndroidManifest.xml:27:13-30:17
91                android:name="io.flutter.embedding.android.NormalTheme"
91-->src\main\AndroidManifest.xml:28:15-70
92                android:resource="@style/NormalTheme" />
92-->src\main\AndroidManifest.xml:29:15-52
93
94            <intent-filter>
94-->src\main\AndroidManifest.xml:31:13-34:29
95                <action android:name="android.intent.action.MAIN" />
95-->src\main\AndroidManifest.xml:32:17-68
95-->src\main\AndroidManifest.xml:32:25-66
96
97                <category android:name="android.intent.category.LAUNCHER" />
97-->src\main\AndroidManifest.xml:33:17-76
97-->src\main\AndroidManifest.xml:33:27-74
98            </intent-filter>
99        </activity>
100        <!--
101             Don't delete the meta-data below.
102             This is used by the Flutter tool to generate GeneratedPluginRegistrant.java
103        -->
104        <meta-data
104-->src\main\AndroidManifest.xml:38:9-40:33
105            android:name="flutterEmbedding"
105-->src\main\AndroidManifest.xml:39:13-44
106            android:value="2" />
106-->src\main\AndroidManifest.xml:40:13-30
107
108        <service
108-->[:cloud_firestore] AndroidManifest.xml:8:9-12:19
109            android:name="com.google.firebase.components.ComponentDiscoveryService"
109-->[:cloud_firestore] AndroidManifest.xml:8:18-89
110            android:directBootAware="true"
110-->[com.google.firebase:firebase-common:21.0.0] AndroidManifest.xml:32:13-43
111            android:exported="false" >
111-->[com.google.firebase:firebase-auth:23.2.0] AndroidManifest.xml:68:13-37
112            <meta-data
112-->[:cloud_firestore] AndroidManifest.xml:9:13-11:85
113                android:name="com.google.firebase.components:io.flutter.plugins.firebase.firestore.FlutterFirebaseFirestoreRegistrar"
113-->[:cloud_firestore] AndroidManifest.xml:10:17-134
114                android:value="com.google.firebase.components.ComponentRegistrar" />
114-->[:cloud_firestore] AndroidManifest.xml:11:17-82
115            <meta-data
115-->[:firebase_app_check] AndroidManifest.xml:9:13-11:85
116                android:name="com.google.firebase.components:io.flutter.plugins.firebase.appcheck.FlutterFirebaseAppRegistrar"
116-->[:firebase_app_check] AndroidManifest.xml:10:17-127
117                android:value="com.google.firebase.components.ComponentRegistrar" />
117-->[:firebase_app_check] AndroidManifest.xml:11:17-82
118            <meta-data
118-->[:firebase_auth] AndroidManifest.xml:9:13-11:85
119                android:name="com.google.firebase.components:io.flutter.plugins.firebase.auth.FlutterFirebaseAuthRegistrar"
119-->[:firebase_auth] AndroidManifest.xml:10:17-124
120                android:value="com.google.firebase.components.ComponentRegistrar" />
120-->[:firebase_auth] AndroidManifest.xml:11:17-82
121            <meta-data
121-->[:firebase_storage] AndroidManifest.xml:9:13-11:85
122                android:name="com.google.firebase.components:io.flutter.plugins.firebase.storage.FlutterFirebaseAppRegistrar"
122-->[:firebase_storage] AndroidManifest.xml:10:17-126
123                android:value="com.google.firebase.components.ComponentRegistrar" />
123-->[:firebase_storage] AndroidManifest.xml:11:17-82
124            <meta-data
124-->[:firebase_core] AndroidManifest.xml:9:13-11:85
125                android:name="com.google.firebase.components:io.flutter.plugins.firebase.core.FlutterFirebaseCoreRegistrar"
125-->[:firebase_core] AndroidManifest.xml:10:17-124
126                android:value="com.google.firebase.components.ComponentRegistrar" />
126-->[:firebase_core] AndroidManifest.xml:11:17-82
127            <meta-data
127-->[com.google.firebase:firebase-auth:23.2.0] AndroidManifest.xml:69:13-71:85
128                android:name="com.google.firebase.components:com.google.firebase.auth.FirebaseAuthRegistrar"
128-->[com.google.firebase:firebase-auth:23.2.0] AndroidManifest.xml:70:17-109
129                android:value="com.google.firebase.components.ComponentRegistrar" />
129-->[com.google.firebase:firebase-auth:23.2.0] AndroidManifest.xml:71:17-82
130            <meta-data
130-->[com.google.firebase:firebase-firestore:25.1.3] AndroidManifest.xml:17:13-19:85
131                android:name="com.google.firebase.components:com.google.firebase.firestore.FirebaseFirestoreKtxRegistrar"
131-->[com.google.firebase:firebase-firestore:25.1.3] AndroidManifest.xml:18:17-122
132                android:value="com.google.firebase.components.ComponentRegistrar" />
132-->[com.google.firebase:firebase-firestore:25.1.3] AndroidManifest.xml:19:17-82
133            <meta-data
133-->[com.google.firebase:firebase-firestore:25.1.3] AndroidManifest.xml:20:13-22:85
134                android:name="com.google.firebase.components:com.google.firebase.firestore.FirestoreRegistrar"
134-->[com.google.firebase:firebase-firestore:25.1.3] AndroidManifest.xml:21:17-111
135                android:value="com.google.firebase.components.ComponentRegistrar" />
135-->[com.google.firebase:firebase-firestore:25.1.3] AndroidManifest.xml:22:17-82
136            <meta-data
136-->[com.google.firebase:firebase-appcheck-safetynet:16.1.2] AndroidManifest.xml:27:13-29:85
137                android:name="com.google.firebase.components:com.google.firebase.appcheck.safetynet.FirebaseAppCheckSafetyNetRegistrar"
137-->[com.google.firebase:firebase-appcheck-safetynet:16.1.2] AndroidManifest.xml:28:17-136
138                android:value="com.google.firebase.components.ComponentRegistrar" />
138-->[com.google.firebase:firebase-appcheck-safetynet:16.1.2] AndroidManifest.xml:29:17-82
139            <meta-data
139-->[com.google.firebase:firebase-appcheck-debug:18.0.0] AndroidManifest.xml:25:13-27:85
140                android:name="com.google.firebase.components:com.google.firebase.appcheck.debug.FirebaseAppCheckDebugRegistrar"
140-->[com.google.firebase:firebase-appcheck-debug:18.0.0] AndroidManifest.xml:26:17-128
141                android:value="com.google.firebase.components.ComponentRegistrar" />
141-->[com.google.firebase:firebase-appcheck-debug:18.0.0] AndroidManifest.xml:27:17-82
142            <meta-data
142-->[com.google.firebase:firebase-appcheck-playintegrity:18.0.0] AndroidManifest.xml:25:13-27:85
143                android:name="com.google.firebase.components:com.google.firebase.appcheck.playintegrity.FirebaseAppCheckPlayIntegrityRegistrar"
143-->[com.google.firebase:firebase-appcheck-playintegrity:18.0.0] AndroidManifest.xml:26:17-144
144                android:value="com.google.firebase.components.ComponentRegistrar" />
144-->[com.google.firebase:firebase-appcheck-playintegrity:18.0.0] AndroidManifest.xml:27:17-82
145            <meta-data
145-->[com.google.firebase:firebase-storage:21.0.1] AndroidManifest.xml:30:13-32:85
146                android:name="com.google.firebase.components:com.google.firebase.storage.FirebaseStorageKtxRegistrar"
146-->[com.google.firebase:firebase-storage:21.0.1] AndroidManifest.xml:31:17-118
147                android:value="com.google.firebase.components.ComponentRegistrar" />
147-->[com.google.firebase:firebase-storage:21.0.1] AndroidManifest.xml:32:17-82
148            <meta-data
148-->[com.google.firebase:firebase-storage:21.0.1] AndroidManifest.xml:33:13-35:85
149                android:name="com.google.firebase.components:com.google.firebase.storage.StorageRegistrar"
149-->[com.google.firebase:firebase-storage:21.0.1] AndroidManifest.xml:34:17-107
150                android:value="com.google.firebase.components.ComponentRegistrar" />
150-->[com.google.firebase:firebase-storage:21.0.1] AndroidManifest.xml:35:17-82
151            <meta-data
151-->[com.google.firebase:firebase-appcheck:18.0.0] AndroidManifest.xml:25:13-27:85
152                android:name="com.google.firebase.components:com.google.firebase.appcheck.FirebaseAppCheckKtxRegistrar"
152-->[com.google.firebase:firebase-appcheck:18.0.0] AndroidManifest.xml:26:17-120
153                android:value="com.google.firebase.components.ComponentRegistrar" />
153-->[com.google.firebase:firebase-appcheck:18.0.0] AndroidManifest.xml:27:17-82
154            <meta-data
154-->[com.google.firebase:firebase-appcheck:18.0.0] AndroidManifest.xml:28:13-30:85
155                android:name="com.google.firebase.components:com.google.firebase.appcheck.FirebaseAppCheckRegistrar"
155-->[com.google.firebase:firebase-appcheck:18.0.0] AndroidManifest.xml:29:17-117
156                android:value="com.google.firebase.components.ComponentRegistrar" />
156-->[com.google.firebase:firebase-appcheck:18.0.0] AndroidManifest.xml:30:17-82
157            <meta-data
157-->[com.google.firebase:firebase-common-ktx:21.0.0] AndroidManifest.xml:12:13-14:85
158                android:name="com.google.firebase.components:com.google.firebase.ktx.FirebaseCommonLegacyRegistrar"
158-->[com.google.firebase:firebase-common-ktx:21.0.0] AndroidManifest.xml:13:17-116
159                android:value="com.google.firebase.components.ComponentRegistrar" />
159-->[com.google.firebase:firebase-common-ktx:21.0.0] AndroidManifest.xml:14:17-82
160            <meta-data
160-->[com.google.firebase:firebase-common:21.0.0] AndroidManifest.xml:35:13-37:85
161                android:name="com.google.firebase.components:com.google.firebase.FirebaseCommonKtxRegistrar"
161-->[com.google.firebase:firebase-common:21.0.0] AndroidManifest.xml:36:17-109
162                android:value="com.google.firebase.components.ComponentRegistrar" />
162-->[com.google.firebase:firebase-common:21.0.0] AndroidManifest.xml:37:17-82
163        </service>
164
165        <provider
165-->[:image_picker_android] AndroidManifest.xml:9:9-17:20
166            android:name="io.flutter.plugins.imagepicker.ImagePickerFileProvider"
166-->[:image_picker_android] AndroidManifest.xml:10:13-82
167            android:authorities="com.example.square_up.flutter.image_provider"
167-->[:image_picker_android] AndroidManifest.xml:11:13-74
168            android:exported="false"
168-->[:image_picker_android] AndroidManifest.xml:12:13-37
169            android:grantUriPermissions="true" >
169-->[:image_picker_android] AndroidManifest.xml:13:13-47
170            <meta-data
170-->[:image_picker_android] AndroidManifest.xml:14:13-16:75
171                android:name="android.support.FILE_PROVIDER_PATHS"
171-->[:image_picker_android] AndroidManifest.xml:15:17-67
172                android:resource="@xml/flutter_image_picker_file_paths" />
172-->[:image_picker_android] AndroidManifest.xml:16:17-72
173        </provider> <!-- Trigger Google Play services to install the backported photo picker module. -->
174        <service
174-->[:image_picker_android] AndroidManifest.xml:19:9-31:19
175            android:name="com.google.android.gms.metadata.ModuleDependencies"
175-->[:image_picker_android] AndroidManifest.xml:20:13-78
176            android:enabled="false"
176-->[:image_picker_android] AndroidManifest.xml:21:13-36
177            android:exported="false" >
177-->[:image_picker_android] AndroidManifest.xml:22:13-37
178            <intent-filter>
178-->[:image_picker_android] AndroidManifest.xml:24:13-26:29
179                <action android:name="com.google.android.gms.metadata.MODULE_DEPENDENCIES" />
179-->[:image_picker_android] AndroidManifest.xml:25:17-94
179-->[:image_picker_android] AndroidManifest.xml:25:25-91
180            </intent-filter>
181
182            <meta-data
182-->[:image_picker_android] AndroidManifest.xml:28:13-30:36
183                android:name="photopicker_activity:0:required"
183-->[:image_picker_android] AndroidManifest.xml:29:17-63
184                android:value="" />
184-->[:image_picker_android] AndroidManifest.xml:30:17-33
185        </service>
186
187        <activity
187-->[com.google.firebase:firebase-auth:23.2.0] AndroidManifest.xml:29:9-46:20
188            android:name="com.google.firebase.auth.internal.GenericIdpActivity"
188-->[com.google.firebase:firebase-auth:23.2.0] AndroidManifest.xml:30:13-80
189            android:excludeFromRecents="true"
189-->[com.google.firebase:firebase-auth:23.2.0] AndroidManifest.xml:31:13-46
190            android:exported="true"
190-->[com.google.firebase:firebase-auth:23.2.0] AndroidManifest.xml:32:13-36
191            android:launchMode="singleTask"
191-->[com.google.firebase:firebase-auth:23.2.0] AndroidManifest.xml:33:13-44
192            android:theme="@android:style/Theme.Translucent.NoTitleBar" >
192-->[com.google.firebase:firebase-auth:23.2.0] AndroidManifest.xml:34:13-72
193            <intent-filter>
193-->[com.google.firebase:firebase-auth:23.2.0] AndroidManifest.xml:35:13-45:29
194                <action android:name="android.intent.action.VIEW" />
194-->[com.google.firebase:firebase-auth:23.2.0] AndroidManifest.xml:36:17-69
194-->[com.google.firebase:firebase-auth:23.2.0] AndroidManifest.xml:36:25-66
195
196                <category android:name="android.intent.category.DEFAULT" />
196-->[com.google.firebase:firebase-auth:23.2.0] AndroidManifest.xml:38:17-76
196-->[com.google.firebase:firebase-auth:23.2.0] AndroidManifest.xml:38:27-73
197                <category android:name="android.intent.category.BROWSABLE" />
197-->[com.google.firebase:firebase-auth:23.2.0] AndroidManifest.xml:39:17-78
197-->[com.google.firebase:firebase-auth:23.2.0] AndroidManifest.xml:39:27-75
198
199                <data
199-->src\main\AndroidManifest.xml:53:13-47
200                    android:host="firebase.auth"
201                    android:path="/"
202                    android:scheme="genericidp" />
203            </intent-filter>
204        </activity>
205        <activity
205-->[com.google.firebase:firebase-auth:23.2.0] AndroidManifest.xml:47:9-64:20
206            android:name="com.google.firebase.auth.internal.RecaptchaActivity"
206-->[com.google.firebase:firebase-auth:23.2.0] AndroidManifest.xml:48:13-79
207            android:excludeFromRecents="true"
207-->[com.google.firebase:firebase-auth:23.2.0] AndroidManifest.xml:49:13-46
208            android:exported="true"
208-->[com.google.firebase:firebase-auth:23.2.0] AndroidManifest.xml:50:13-36
209            android:launchMode="singleTask"
209-->[com.google.firebase:firebase-auth:23.2.0] AndroidManifest.xml:51:13-44
210            android:theme="@android:style/Theme.Translucent.NoTitleBar" >
210-->[com.google.firebase:firebase-auth:23.2.0] AndroidManifest.xml:52:13-72
211            <intent-filter>
211-->[com.google.firebase:firebase-auth:23.2.0] AndroidManifest.xml:53:13-63:29
212                <action android:name="android.intent.action.VIEW" />
212-->[com.google.firebase:firebase-auth:23.2.0] AndroidManifest.xml:36:17-69
212-->[com.google.firebase:firebase-auth:23.2.0] AndroidManifest.xml:36:25-66
213
214                <category android:name="android.intent.category.DEFAULT" />
214-->[com.google.firebase:firebase-auth:23.2.0] AndroidManifest.xml:38:17-76
214-->[com.google.firebase:firebase-auth:23.2.0] AndroidManifest.xml:38:27-73
215                <category android:name="android.intent.category.BROWSABLE" />
215-->[com.google.firebase:firebase-auth:23.2.0] AndroidManifest.xml:39:17-78
215-->[com.google.firebase:firebase-auth:23.2.0] AndroidManifest.xml:39:27-75
216
217                <data
217-->src\main\AndroidManifest.xml:53:13-47
218                    android:host="firebase.auth"
219                    android:path="/"
220                    android:scheme="recaptcha" />
221            </intent-filter>
222        </activity>
223
224        <service
224-->[androidx.credentials:credentials-play-services-auth:1.2.0-rc01] AndroidManifest.xml:24:9-32:19
225            android:name="androidx.credentials.playservices.CredentialProviderMetadataHolder"
225-->[androidx.credentials:credentials-play-services-auth:1.2.0-rc01] AndroidManifest.xml:25:13-94
226            android:enabled="true"
226-->[androidx.credentials:credentials-play-services-auth:1.2.0-rc01] AndroidManifest.xml:26:13-35
227            android:exported="false" >
227-->[androidx.credentials:credentials-play-services-auth:1.2.0-rc01] AndroidManifest.xml:27:13-37
228            <meta-data
228-->[androidx.credentials:credentials-play-services-auth:1.2.0-rc01] AndroidManifest.xml:29:13-31:104
229                android:name="androidx.credentials.CREDENTIAL_PROVIDER_KEY"
229-->[androidx.credentials:credentials-play-services-auth:1.2.0-rc01] AndroidManifest.xml:30:17-76
230                android:value="androidx.credentials.playservices.CredentialProviderPlayServicesImpl" />
230-->[androidx.credentials:credentials-play-services-auth:1.2.0-rc01] AndroidManifest.xml:31:17-101
231        </service>
232
233        <activity
233-->[androidx.credentials:credentials-play-services-auth:1.2.0-rc01] AndroidManifest.xml:34:9-41:20
234            android:name="androidx.credentials.playservices.HiddenActivity"
234-->[androidx.credentials:credentials-play-services-auth:1.2.0-rc01] AndroidManifest.xml:35:13-76
235            android:configChanges="orientation|screenSize|screenLayout|keyboardHidden"
235-->[androidx.credentials:credentials-play-services-auth:1.2.0-rc01] AndroidManifest.xml:36:13-87
236            android:enabled="true"
236-->[androidx.credentials:credentials-play-services-auth:1.2.0-rc01] AndroidManifest.xml:37:13-35
237            android:exported="false"
237-->[androidx.credentials:credentials-play-services-auth:1.2.0-rc01] AndroidManifest.xml:38:13-37
238            android:fitsSystemWindows="true"
238-->[androidx.credentials:credentials-play-services-auth:1.2.0-rc01] AndroidManifest.xml:39:13-45
239            android:theme="@style/Theme.Hidden" >
239-->[androidx.credentials:credentials-play-services-auth:1.2.0-rc01] AndroidManifest.xml:40:13-48
240        </activity>
241        <activity
241-->[com.google.android.gms:play-services-auth:20.7.0] AndroidManifest.xml:23:9-27:75
242            android:name="com.google.android.gms.auth.api.signin.internal.SignInHubActivity"
242-->[com.google.android.gms:play-services-auth:20.7.0] AndroidManifest.xml:24:13-93
243            android:excludeFromRecents="true"
243-->[com.google.android.gms:play-services-auth:20.7.0] AndroidManifest.xml:25:13-46
244            android:exported="false"
244-->[com.google.android.gms:play-services-auth:20.7.0] AndroidManifest.xml:26:13-37
245            android:theme="@android:style/Theme.Translucent.NoTitleBar" />
245-->[com.google.android.gms:play-services-auth:20.7.0] AndroidManifest.xml:27:13-72
246        <!--
247            Service handling Google Sign-In user revocation. For apps that do not integrate with
248            Google Sign-In, this service will never be started.
249        -->
250        <service
250-->[com.google.android.gms:play-services-auth:20.7.0] AndroidManifest.xml:33:9-37:51
251            android:name="com.google.android.gms.auth.api.signin.RevocationBoundService"
251-->[com.google.android.gms:play-services-auth:20.7.0] AndroidManifest.xml:34:13-89
252            android:exported="true"
252-->[com.google.android.gms:play-services-auth:20.7.0] AndroidManifest.xml:35:13-36
253            android:permission="com.google.android.gms.auth.api.signin.permission.REVOCATION_NOTIFICATION"
253-->[com.google.android.gms:play-services-auth:20.7.0] AndroidManifest.xml:36:13-107
254            android:visibleToInstantApps="true" />
254-->[com.google.android.gms:play-services-auth:20.7.0] AndroidManifest.xml:37:13-48
255
256        <activity
256-->[com.google.android.gms:play-services-base:18.1.0] AndroidManifest.xml:20:9-22:45
257            android:name="com.google.android.gms.common.api.GoogleApiActivity"
257-->[com.google.android.gms:play-services-base:18.1.0] AndroidManifest.xml:20:19-85
258            android:exported="false"
258-->[com.google.android.gms:play-services-base:18.1.0] AndroidManifest.xml:22:19-43
259            android:theme="@android:style/Theme.Translucent.NoTitleBar" />
259-->[com.google.android.gms:play-services-base:18.1.0] AndroidManifest.xml:21:19-78
260
261        <provider
261-->[com.google.firebase:firebase-common:21.0.0] AndroidManifest.xml:23:9-28:39
262            android:name="com.google.firebase.provider.FirebaseInitProvider"
262-->[com.google.firebase:firebase-common:21.0.0] AndroidManifest.xml:24:13-77
263            android:authorities="com.example.square_up.firebaseinitprovider"
263-->[com.google.firebase:firebase-common:21.0.0] AndroidManifest.xml:25:13-72
264            android:directBootAware="true"
264-->[com.google.firebase:firebase-common:21.0.0] AndroidManifest.xml:26:13-43
265            android:exported="false"
265-->[com.google.firebase:firebase-common:21.0.0] AndroidManifest.xml:27:13-37
266            android:initOrder="100" />
266-->[com.google.firebase:firebase-common:21.0.0] AndroidManifest.xml:28:13-36
267        <provider
267-->[androidx.emoji2:emoji2:1.3.0] AndroidManifest.xml:24:9-32:20
268            android:name="androidx.startup.InitializationProvider"
268-->[androidx.emoji2:emoji2:1.3.0] AndroidManifest.xml:25:13-67
269            android:authorities="com.example.square_up.androidx-startup"
269-->[androidx.emoji2:emoji2:1.3.0] AndroidManifest.xml:26:13-68
270            android:exported="false" >
270-->[androidx.emoji2:emoji2:1.3.0] AndroidManifest.xml:27:13-37
271            <meta-data
271-->[androidx.emoji2:emoji2:1.3.0] AndroidManifest.xml:29:13-31:52
272                android:name="androidx.emoji2.text.EmojiCompatInitializer"
272-->[androidx.emoji2:emoji2:1.3.0] AndroidManifest.xml:30:17-75
273                android:value="androidx.startup" />
273-->[androidx.emoji2:emoji2:1.3.0] AndroidManifest.xml:31:17-49
274            <meta-data
274-->[androidx.lifecycle:lifecycle-process:2.7.0] AndroidManifest.xml:29:13-31:52
275                android:name="androidx.lifecycle.ProcessLifecycleInitializer"
275-->[androidx.lifecycle:lifecycle-process:2.7.0] AndroidManifest.xml:30:17-78
276                android:value="androidx.startup" />
276-->[androidx.lifecycle:lifecycle-process:2.7.0] AndroidManifest.xml:31:17-49
277            <meta-data
277-->[androidx.profileinstaller:profileinstaller:1.3.1] AndroidManifest.xml:29:13-31:52
278                android:name="androidx.profileinstaller.ProfileInstallerInitializer"
278-->[androidx.profileinstaller:profileinstaller:1.3.1] AndroidManifest.xml:30:17-85
279                android:value="androidx.startup" />
279-->[androidx.profileinstaller:profileinstaller:1.3.1] AndroidManifest.xml:31:17-49
280        </provider>
281
282        <uses-library
282-->[androidx.window:window:1.2.0] AndroidManifest.xml:23:9-25:40
283            android:name="androidx.window.extensions"
283-->[androidx.window:window:1.2.0] AndroidManifest.xml:24:13-54
284            android:required="false" />
284-->[androidx.window:window:1.2.0] AndroidManifest.xml:25:13-37
285        <uses-library
285-->[androidx.window:window:1.2.0] AndroidManifest.xml:26:9-28:40
286            android:name="androidx.window.sidecar"
286-->[androidx.window:window:1.2.0] AndroidManifest.xml:27:13-51
287            android:required="false" />
287-->[androidx.window:window:1.2.0] AndroidManifest.xml:28:13-37
288
289        <meta-data
289-->[com.google.android.gms:play-services-basement:18.4.0] AndroidManifest.xml:6:9-122